mode: set
/home/higher/Documents/golang/src/Mastering Go/Book Chapters/ch11/testDB/webServer.go:20.26,23.16 3 1
/home/higher/Documents/golang/src/Mastering Go/Book Chapters/ch11/testDB/webServer.go:27.2,27.11 1 1
/home/higher/Documents/golang/src/Mastering Go/Book Chapters/ch11/testDB/webServer.go:23.16,26.3 2 0
/home/higher/Documents/golang/src/Mastering Go/Book Chapters/ch11/testDB/webServer.go:30.56,33.2 2 0
/home/higher/Documents/golang/src/Mastering Go/Book Chapters/ch11/testDB/webServer.go:35.58,42.2 6 0
/home/higher/Documents/golang/src/Mastering Go/Book Chapters/ch11/testDB/webServer.go:44.54,52.16 5 1
/home/higher/Documents/golang/src/Mastering Go/Book Chapters/ch11/testDB/webServer.go:58.2,59.16 2 1
/home/higher/Documents/golang/src/Mastering Go/Book Chapters/ch11/testDB/webServer.go:63.2,65.18 2 1
/home/higher/Documents/golang/src/Mastering Go/Book Chapters/ch11/testDB/webServer.go:77.2,78.16 2 1
/home/higher/Documents/golang/src/Mastering Go/Book Chapters/ch11/testDB/webServer.go:52.16,56.3 3 0
/home/higher/Documents/golang/src/Mastering Go/Book Chapters/ch11/testDB/webServer.go:59.16,62.3 2 0
/home/higher/Documents/golang/src/Mastering Go/Book Chapters/ch11/testDB/webServer.go:65.18,70.17 5 1
/home/higher/Documents/golang/src/Mastering Go/Book Chapters/ch11/testDB/webServer.go:75.3,75.82 1 1
/home/higher/Documents/golang/src/Mastering Go/Book Chapters/ch11/testDB/webServer.go:70.17,74.4 3 0
/home/higher/Documents/golang/src/Mastering Go/Book Chapters/ch11/testDB/webServer.go:78.16,82.3 3 0
/home/higher/Documents/golang/src/Mastering Go/Book Chapters/ch11/testDB/webServer.go:85.13,97.16 10 0
/home/higher/Documents/golang/src/Mastering Go/Book Chapters/ch11/testDB/webServer.go:97.16,100.3 2 0
